<?xml version="1.0" encoding="UTF-8"?>
<!-- Generated by org.testng.reporters.JUnitReportReporter -->
<testsuite hostname="INLEN8520087176" failures="0" tests="2" name="com.app.test.ScenarioTests" time="87.407" errors="0" timestamp="2023-01-09T17:39:56 IST" skipped="0">
  <testcase classname="com.app.test.ScenarioTests" name="verifyScenario2" time="47.552"/>
  <system-out/>
  <testcase classname="com.app.test.ScenarioTests" name="verifyScenario4" time="39.855"/>
  <system-out/>
</testsuite> <!-- com.app.test.ScenarioTests -->
