<?xml version="1.0" encoding="UTF-8"?>
<!-- Generated by org.testng.reporters.JUnitReportReporter -->
<testsuite hostname="INLEN8520087176" failures="0" tests="1" name="com.app.test.ScenarioTests" time="40.585" errors="0" timestamp="2023-01-09T17:11:12 IST" skipped="0">
  <testcase classname="com.app.test.ScenarioTests" name="verifyScenario4" time="40.585"/>
  <system-out/>
</testsuite> <!-- com.app.test.ScenarioTests -->
