<?xml version="1.0" encoding="UTF-8"?>
<!-- Generated by org.testng.reporters.JUnitReportReporter -->
<testsuite hostname="INLEN8520087176" failures="0" tests="1" name="com.app.test.ScenarioTests" time="59.437" errors="0" timestamp="2023-01-09T17:33:00 IST" skipped="0">
  <testcase classname="com.app.test.ScenarioTests" name="verifyScenario4" time="59.437"/>
  <system-out/>
</testsuite> <!-- com.app.test.ScenarioTests -->
